#
# There is insufficient memory for the Java Runtime Environment to continue.
# Native memory allocation (malloc) failed to allocate 1770736 bytes for Chunk::new
# Possible reasons:
#   The system is out of physical RAM or swap space
#   In 32 bit mode, the process size limit was hit
# Possible solutions:
#   Reduce memory load on the system
#   Increase physical memory or swap space
#   Check if swap backing store is full
#   Use 64 bit Java on a 64 bit OS
#   Decrease Java heap size (-Xmx/-Xms)
#   Decrease number of Java threads
#   Decrease Java thread stack sizes (-Xss)
#   Set larger code cache with -XX:ReservedCodeCacheSize=
# This output file may be truncated or incomplete.
#
#  Out of Memory Error (allocation.cpp:390), pid=14660, tid=0x000000000000363c
#
# JRE version: OpenJDK Runtime Environment (8.0_152-b01) (build 1.8.0_152-release-1248-b01)
# Java VM: OpenJDK 64-Bit Server VM (25.152-b01 mixed mode windows-amd64 compressed oops)
# Failed to write core dump. Minidumps are not enabled by default on client versions of Windows
#

---------------  T H R E A D  ---------------

Current thread (0x000000001879b000):  JavaThread "C2 CompilerThread0" daemon [_thread_in_native, id=13884, stack(0x0000000018f30000,0x0000000019030000)]

Stack: [0x0000000018f30000,0x0000000019030000]
[error occurred during error reporting (printing stack bounds), id 0xc0000005]

Native frames: (J=compiled Java code, j=interpreted, Vv=VM code, C=native code)


Current CompileTask:
C2:  58395 3743   !   4       com.sun.beans.TypeResolver::resolve (274 bytes)


---------------  P R O C E S S  ---------------

Java Threads: ( => current thread )
  0x000000001d37d000 JavaThread "Build operations Thread 8" [_thread_blocked, id=13992, stack(0x0000000022860000,0x0000000022960000)]
  0x000000001d380000 JavaThread "Build operations Thread 7" [_thread_blocked, id=14492, stack(0x0000000022760000,0x0000000022860000)]
  0x000000001d377800 JavaThread "Build operations Thread 6" [_thread_blocked, id=14812, stack(0x0000000022660000,0x0000000022760000)]
  0x000000001d378800 JavaThread "Build operations Thread 5" [_thread_blocked, id=14820, stack(0x0000000022560000,0x0000000022660000)]
  0x000000001d37c000 JavaThread "Build operations Thread 4" [_thread_blocked, id=5144, stack(0x0000000022460000,0x0000000022560000)]
  0x000000001d39e800 JavaThread "Build operations Thread 3" [_thread_blocked, id=14956, stack(0x00000000210c0000,0x00000000211c0000)]
  0x000000001d3a1800 JavaThread "Build operations Thread 2" [_thread_blocked, id=14996, stack(0x000000001ff80000,0x0000000020080000)]
  0x000000001d3a0800 JavaThread "Build operations" [_thread_blocked, id=7104, stack(0x000000001fe80000,0x000000001ff80000)]
  0x000000001d3a5000 JavaThread "Cache worker for Artifact transforms cache (C:\Users\asdfg\.gradle\caches\transforms-1)" [_thread_blocked, id=10056, stack(0x000000001fb80000,0x000000001fc80000)]
  0x000000001d3a2000 JavaThread "Cache worker for cache directory md-rule (C:\Users\asdfg\.gradle\caches\4.10.1\md-rule)" [_thread_blocked, id=10072, stack(0x000000001fa80000,0x000000001fb80000)]
  0x000000001d3a3800 JavaThread "Cache worker for cache directory md-supplier (C:\Users\asdfg\.gradle\caches\4.10.1\md-supplier)" [_thread_blocked, id=10080, stack(0x000000001f980000,0x000000001fa80000)]
  0x000000001d3a4800 JavaThread "Cache worker for journal cache (C:\Users\asdfg\.gradle\caches\journal-1)" [_thread_blocked, id=1456, stack(0x000000001dde0000,0x000000001dee0000)]
  0x000000001a5c3000 JavaThread "Cache worker for file hash cache (E:\android_project\BMR\.gradle\4.10.1\fileHashes)" [_thread_blocked, id=12888, stack(0x000000001dce0000,0x000000001dde0000)]
  0x00000000189b9800 JavaThread "File lock request listener" [_thread_in_native, id=14828, stack(0x000000001dbe0000,0x000000001dce0000)]
  0x000000001ce18800 JavaThread "Cache worker for file hash cache (C:\Users\asdfg\.gradle\caches\4.10.1\fileHashes)" [_thread_blocked, id=14232, stack(0x000000001dae0000,0x000000001dbe0000)]
  0x00000000198af800 JavaThread "Stdin handler" [_thread_blocked, id=14968, stack(0x000000001ba40000,0x000000001bb40000)]
  0x0000000019895000 JavaThread "Asynchronous log dispatcher for DefaultDaemonConnection: socket connection from /127.0.0.1:2202 to /127.0.0.1:2203" [_thread_blocked, id=7324, stack(0x000000001b840000,0x000000001b940000)]
  0x00000000198bc000 JavaThread "Daemon worker" [_thread_in_native, id=9352, stack(0x000000001b540000,0x000000001b640000)]
  0x0000000019891800 JavaThread "Cancel handler" [_thread_blocked, id=10932, stack(0x000000001b440000,0x000000001b540000)]
  0x0000000019886800 JavaThread "Handler for socket connection from /127.0.0.1:2202 to /127.0.0.1:2203" [_thread_in_native, id=9592, stack(0x000000001b340000,0x000000001b440000)]
  0x0000000019881000 JavaThread "Daemon" [_thread_blocked, id=13900, stack(0x000000001b240000,0x000000001b340000)]
  0x000000001a50e800 JavaThread "Daemon periodic checks" [_thread_blocked, id=3008, stack(0x000000001b140000,0x000000001b240000)]
  0x000000001a395800 JavaThread "Incoming local TCP Connector on port 2202" [_thread_in_native, id=12792, stack(0x000000001af00000,0x000000001b000000)]
  0x0000000018807000 JavaThread "Service Thread" daemon [_thread_blocked, id=1728, stack(0x0000000019330000,0x0000000019430000)]
  0x00000000187b5800 JavaThread "C1 CompilerThread3" daemon [_thread_blocked, id=2752, stack(0x0000000019230000,0x0000000019330000)]
  0x00000000187ab000 JavaThread "C2 CompilerThread2" daemon [_thread_blocked, id=14064, stack(0x0000000019130000,0x0000000019230000)]
  0x00000000187a2800 JavaThread "C2 CompilerThread1" daemon [_thread_blocked, id=2948, stack(0x0000000019030000,0x0000000019130000)]
=>0x000000001879b000 JavaThread "C2 CompilerThread0" daemon [_thread_in_native, id=13884, stack(0x0000000018f30000,0x0000000019030000)]
  0x000000001684e800 JavaThread "Attach Listener" daemon [_thread_blocked, id=11224, stack(0x0000000018e30000,0x0000000018f30000)]
  0x000000001874c000 JavaThread "Signal Dispatcher" daemon [_thread_blocked, id=14916, stack(0x0000000018d30000,0x0000000018e30000)]
  0x0000000016842800 JavaThread "Finalizer" daemon [_thread_blocked, id=14112, stack(0x0000000018b10000,0x0000000018c10000)]
  0x0000000002a56000 JavaThread "Reference Handler" daemon [_thread_blocked, id=12600, stack(0x0000000018610000,0x0000000018710000)]
  0x00000000024ed800 JavaThread "main" [_thread_blocked, id=10712, stack(0x0000000002860000,0x0000000002960000)]

Other Threads:
  0x0000000016838800 VMThread [stack: 0x0000000018510000,0x0000000018610000] [id=14140]
  0x0000000018807800 WatcherThread [stack: 0x0000000019430000,0x0000000019530000] [id=2272]

VM state:not at safepoint (normal execution)

VM Mutex/Monitor currently owned by a thread: None

Heap:
 PSYoungGen      total 20992K, used 12064K [0x00000000e0000000, 0x00000000e1a80000, 0x0000000100000000)
  eden space 15872K, 56% used [0x00000000e0000000,0x00000000e08bfab0,0x00000000e0f80000)
  from space 5120K, 60% used [0x00000000e1580000,0x00000000e18887f0,0x00000000e1a80000)
  to   space 5632K, 0% used [0x00000000e0f80000,0x00000000e0f80000,0x00000000e1500000)
 ParOldGen       total 33280K, used 19212K [0x00000000a0000000, 0x00000000a2080000, 0x00000000e0000000)
  object space 33280K, 57% used [0x00000000a0000000,0x00000000a12c3038,0x00000000a2080000)
 Metaspace       used 42257K, capacity 43024K, committed 43184K, reserved 1087488K
  class space    used 5726K, capacity 6017K, committed 6064K, reserved 1048576K

Card table byte_map: [0x0000000011e20000,0x0000000012130000] byte_map_base: 0x0000000011920000

Marking Bits: (ParMarkBitMap*) 0x0000000064665aa0
 Begin Bits: [0x0000000012b30000, 0x0000000014330000)
 End Bits:   [0x0000000014330000, 0x0000000015b30000)

Polling page: 0x00000000024d0000

CodeCache: size=245760Kb used=12430Kb max_used=12446Kb free=233329Kb
 bounds [0x0000000002a60000, 0x00000000036a0000, 0x0000000011a60000]
 total_blobs=4259 nmethods=3515 adapters=657
 compilation: enabled

Compilation events (10 events):
Event: 58.222 Thread 0x00000000187b5800 3759       3       com.google.common.base.Preconditions::checkNotNull (18 bytes)
Event: 58.222 Thread 0x00000000187b5800 nmethod 3759 0x000000000367df90 code [0x000000000367e120, 0x000000000367e4b8]
Event: 58.222 Thread 0x00000000187b5800 3760       1       groovy.lang.GroovyObjectSupport::getMetaClass (5 bytes)
Event: 58.222 Thread 0x00000000187b5800 nmethod 3760 0x00000000036766d0 code [0x0000000003676820, 0x0000000003676930]
Event: 58.223 Thread 0x00000000187ab000 nmethod 3758 0x000000000367aa90 code [0x000000000367abe0, 0x000000000367ae58]
Event: 58.232 Thread 0x00000000187a2800 nmethod 3753 0x000000000368dd10 code [0x000000000368dfe0, 0x000000000368fd38]
Event: 58.263 Thread 0x00000000187b5800 3761       1       java.lang.invoke.MemberName::getReferenceKind (12 bytes)
Event: 58.263 Thread 0x00000000187b5800 nmethod 3761 0x00000000036763d0 code [0x0000000003676520, 0x0000000003676630]
Event: 58.282 Thread 0x00000000187ab000 3762       4       java.lang.ClassLoader::checkPackageAccess (122 bytes)
Event: 58.310 Thread 0x00000000187ab000 nmethod 3762 0x0000000003691990 code [0x0000000003691c80, 0x00000000036939c8]

GC Heap History (10 events):
Event: 50.554 GC heap before
{Heap before GC invocations=24 (full 2):
 PSYoungGen      total 21504K, used 15872K [0x00000000e0000000, 0x00000000e1a80000, 0x0000000100000000)
  eden space 15872K, 100% used [0x00000000e0000000,0x00000000e0f80000,0x00000000e0f80000)
  from space 5632K, 0% used [0x00000000e0f80000,0x00000000e0f80000,0x00000000e1500000)
  to   space 5632K, 0% used [0x00000000e1500000,0x00000000e1500000,0x00000000e1a80000)
 ParOldGen       total 33280K, used 14392K [0x00000000a0000000, 0x00000000a2080000, 0x00000000e0000000)
  object space 33280K, 43% used [0x00000000a0000000,0x00000000a0e0e110,0x00000000a2080000)
 Metaspace       used 37262K, capacity 37894K, committed 38192K, reserved 1081344K
  class space    used 5110K, capacity 5365K, committed 5424K, reserved 1048576K
Event: 50.556 GC heap after
Heap after GC invocations=24 (full 2):
 PSYoungGen      total 21504K, used 2709K [0x00000000e0000000, 0x00000000e1a80000, 0x0000000100000000)
  eden space 15872K, 0% used [0x00000000e0000000,0x00000000e0000000,0x00000000e0f80000)
  from space 5632K, 48% used [0x00000000e1500000,0x00000000e17a5510,0x00000000e1a80000)
  to   space 5632K, 0% used [0x00000000e0f80000,0x00000000e0f80000,0x00000000e1500000)
 ParOldGen       total 33280K, used 14392K [0x00000000a0000000, 0x00000000a2080000, 0x00000000e0000000)
  object space 33280K, 43% used [0x00000000a0000000,0x00000000a0e0e110,0x00000000a2080000)
 Metaspace       used 37262K, capacity 37894K, committed 38192K, reserved 1081344K
  class space    used 5110K, capacity 5365K, committed 5424K, reserved 1048576K
}
Event: 55.237 GC heap before
{Heap before GC invocations=25 (full 2):
 PSYoungGen      total 21504K, used 18553K [0x00000000e0000000, 0x00000000e1a80000, 0x0000000100000000)
  eden space 15872K, 99% used [0x00000000e0000000,0x00000000e0f790f8,0x00000000e0f80000)
  from space 5632K, 48% used [0x00000000e1500000,0x00000000e17a5510,0x00000000e1a80000)
  to   space 5632K, 0% used [0x00000000e0f80000,0x00000000e0f80000,0x00000000e1500000)
 ParOldGen       total 33280K, used 14392K [0x00000000a0000000, 0x00000000a2080000, 0x00000000e0000000)
  object space 33280K, 43% used [0x00000000a0000000,0x00000000a0e0e110,0x00000000a2080000)
 Metaspace       used 38775K, capacity 39420K, committed 39728K, reserved 1083392K
  class space    used 5310K, capacity 5594K, committed 5680K, reserved 1048576K
Event: 55.240 GC heap after
Heap after GC invocations=25 (full 2):
 PSYoungGen      total 21504K, used 3332K [0x00000000e0000000, 0x00000000e1a80000, 0x0000000100000000)
  eden space 15872K, 0% used [0x00000000e0000000,0x00000000e0000000,0x00000000e0f80000)
  from space 5632K, 59% used [0x00000000e0f80000,0x00000000e12c1250,0x00000000e1500000)
  to   space 5632K, 0% used [0x00000000e1500000,0x00000000e1500000,0x00000000e1a80000)
 ParOldGen       total 33280K, used 14888K [0x00000000a0000000, 0x00000000a2080000, 0x00000000e0000000)
  object space 33280K, 44% used [0x00000000a0000000,0x00000000a0e8a150,0x00000000a2080000)
 Metaspace       used 38775K, capacity 39420K, committed 39728K, reserved 1083392K
  class space    used 5310K, capacity 5594K, committed 5680K, reserved 1048576K
}
Event: 56.072 GC heap before
{Heap before GC invocations=26 (full 2):
 PSYoungGen      total 21504K, used 19204K [0x00000000e0000000, 0x00000000e1a80000, 0x0000000100000000)
  eden space 15872K, 100% used [0x00000000e0000000,0x00000000e0f80000,0x00000000e0f80000)
  from space 5632K, 59% used [0x00000000e0f80000,0x00000000e12c1250,0x00000000e1500000)
  to   space 5632K, 0% used [0x00000000e1500000,0x00000000e1500000,0x00000000e1a80000)
 ParOldGen       total 33280K, used 14888K [0x00000000a0000000, 0x00000000a2080000, 0x00000000e0000000)
  object space 33280K, 44% used [0x00000000a0000000,0x00000000a0e8a150,0x00000000a2080000)
 Metaspace       used 39657K, capacity 40290K, committed 40624K, reserved 1083392K
  class space    used 5426K, capacity 5691K, committed 5808K, reserved 1048576K
Event: 56.076 GC heap after
Heap after GC invocations=26 (full 2):
 PSYoungGen      total 21504K, used 3820K [0x00000000e0000000, 0x00000000e1a80000, 0x0000000100000000)
  eden space 15872K, 0% used [0x00000000e0000000,0x00000000e0000000,0x00000000e0f80000)
  from space 5632K, 67% used [0x00000000e1500000,0x00000000e18bb2e0,0x00000000e1a80000)
  to   space 5632K, 0% used [0x00000000e0f80000,0x00000000e0f80000,0x00000000e1500000)
 ParOldGen       total 33280K, used 14896K [0x00000000a0000000, 0x00000000a2080000, 0x00000000e0000000)
  object space 33280K, 44% used [0x00000000a0000000,0x00000000a0e8c150,0x00000000a2080000)
 Metaspace       used 39657K, capacity 40290K, committed 40624K, reserved 1083392K
  class space    used 5426K, capacity 5691K, committed 5808K, reserved 1048576K
}
Event: 57.488 GC heap before
{Heap before GC invocations=27 (full 2):
 PSYoungGen      total 21504K, used 19692K [0x00000000e0000000, 0x00000000e1a80000, 0x0000000100000000)
  eden space 15872K, 100% used [0x00000000e0000000,0x00000000e0f80000,0x00000000e0f80000)
  from space 5632K, 67% used [0x00000000e1500000,0x00000000e18bb2e0,0x00000000e1a80000)
  to   space 5632K, 0% used [0x00000000e0f80000,0x00000000e0f80000,0x00000000e1500000)
 ParOldGen       total 33280K, used 14896K [0x00000000a0000000, 0x00000000a2080000, 0x00000000e0000000)
  object space 33280K, 44% used [0x00000000a0000000,0x00000000a0e8c150,0x00000000a2080000)
 Metaspace       used 41238K, capacity 41932K, committed 42288K, reserved 1085440K
  class space    used 5573K, capacity 5826K, committed 5936K, reserved 1048576K
Event: 57.493 GC heap after
Heap after GC invocations=27 (full 2):
 PSYoungGen      total 21504K, used 4847K [0x00000000e0000000, 0x00000000e1b80000, 0x0000000100000000)
  eden space 15872K, 0% used [0x00000000e0000000,0x00000000e0000000,0x00000000e0f80000)
  from space 5632K, 86% used [0x00000000e0f80000,0x00000000e143bfc8,0x00000000e1500000)
  to   space 6144K, 0% used [0x00000000e1580000,0x00000000e1580000,0x00000000e1b80000)
 ParOldGen       total 33280K, used 17020K [0x00000000a0000000, 0x00000000a2080000, 0x00000000e0000000)
  object space 33280K, 51% used [0x00000000a0000000,0x00000000a109f018,0x00000000a2080000)
 Metaspace       used 41238K, capacity 41932K, committed 42288K, reserved 1085440K
  class space    used 5573K, capacity 5826K, committed 5936K, reserved 1048576K
}
Event: 58.060 GC heap before
{Heap before GC invocations=28 (full 2):
 PSYoungGen      total 21504K, used 20719K [0x00000000e0000000, 0x00000000e1b80000, 0x0000000100000000)
  eden space 15872K, 100% used [0x00000000e0000000,0x00000000e0f80000,0x00000000e0f80000)
  from space 5632K, 86% used [0x00000000e0f80000,0x00000000e143bfc8,0x00000000e1500000)
  to   space 6144K, 0% used [0x00000000e1580000,0x00000000e1580000,0x00000000e1b80000)
 ParOldGen       total 33280K, used 17020K [0x00000000a0000000, 0x00000000a2080000, 0x00000000e0000000)
  object space 33280K, 51% used [0x00000000a0000000,0x00000000a109f018,0x00000000a2080000)
 Metaspace       used 42054K, capacity 42792K, committed 43184K, reserved 1087488K
  class space    used 5694K, capacity 5982K, committed 6064K, reserved 1048576K
Event: 58.064 GC heap after
Heap after GC invocations=28 (full 2):
 PSYoungGen      total 20992K, used 3105K [0x00000000e0000000, 0x00000000e1a80000, 0x0000000100000000)
  eden space 15872K, 0% used [0x00000000e0000000,0x00000000e0000000,0x00000000e0f80000)
  from space 5120K, 60% used [0x00000000e1580000,0x00000000e18887f0,0x00000000e1a80000)
  to   space 5632K, 0% used [0x00000000e0f80000,0x00000000e0f80000,0x00000000e1500000)
 ParOldGen       total 33280K, used 19212K [0x00000000a0000000, 0x00000000a2080000, 0x00000000e0000000)
  object space 33280K, 57% used [0x00000000a0000000,0x00000000a12c3038,0x00000000a2080000)
 Metaspace       used 42054K, capacity 42792K, committed 43184K, reserved 1087488K
  class space    used 5694K, capacity 5982K, committed 6064K, reserved 1048576K
}

Deoptimization events (10 events):
Event: 52.792 Thread 0x00000000198bc000 Uncommon trap: reason=unstable_if action=reinterpret pc=0x0000000002eee740 method=java.util.jar.Attributes$Name.isDigit(C)Z @ 3
Event: 52.841 Thread 0x00000000198bc000 Uncommon trap: reason=unstable_if action=reinterpret pc=0x0000000002eb1000 method=java.lang.ThreadLocal.get()Ljava/lang/Object; @ 11
Event: 53.889 Thread 0x00000000198bc000 Uncommon trap: reason=unstable_if action=reinterpret pc=0x000000000328c4bc method=java.util.HashMap.putVal(ILjava/lang/Object;Ljava/lang/Object;ZZ)Ljava/lang/Object; @ 236
Event: 54.538 Thread 0x00000000198bc000 Uncommon trap: reason=unstable_if action=reinterpret pc=0x0000000002bf947c method=java.lang.CharacterDataLatin1.isWhitespace(I)Z @ 14
Event: 55.130 Thread 0x00000000198bc000 Uncommon trap: reason=unstable_if action=reinterpret pc=0x00000000034c75e4 method=java.util.jar.JarFile.getInputStream(Ljava/util/zip/ZipEntry;)Ljava/io/InputStream; @ 37
Event: 55.225 Thread 0x00000000198bc000 Uncommon trap: reason=unstable_if action=reinterpret pc=0x00000000034cf944 method=java.util.jar.JarFile$JarFileEntry.getCodeSigners()[Ljava/security/CodeSigner; @ 24
Event: 55.227 Thread 0x00000000198bc000 Uncommon trap: reason=unstable_if action=reinterpret pc=0x0000000002f3f2ac method=java.security.CodeSource.getCertificates()[Ljava/security/cert/Certificate; @ 22
Event: 55.227 Thread 0x00000000198bc000 Uncommon trap: reason=unstable_if action=reinterpret pc=0x00000000034d8450 method=java.security.CodeSource.matchCerts(Ljava/security/CodeSource;Z)Z @ 11
Event: 55.248 Thread 0x00000000198bc000 Uncommon trap: reason=unstable_if action=reinterpret pc=0x0000000003424740 method=java.util.LinkedHashMap.get(Ljava/lang/Object;)Ljava/lang/Object; @ 20
Event: 55.461 Thread 0x00000000198bc000 Uncommon trap: reason=unstable_if action=reinterpret pc=0x0000000003249a68 method=org.objectweb.asm.ByteVector.putUTF8(Ljava/lang/String;)Lorg/objectweb/asm/ByteVector; @ 91

Classes redefined (0 events):
No events

Internal exceptions (10 events):
Event: 58.135 Thread 0x00000000198bc000 Exception <a 'java/lang/ClassNotFoundException': build_c7yeo3lmvf4z2vwxchtr2iwo0$_run_closure1BeanInfo> (0x00000000e04008c0) thrown at [D:\src\AOSP-openjdk-cygwin\jdk8u\hotspot\src\share\vm\classfile\systemDictionary.cpp, line 210]
Event: 58.135 Thread 0x00000000198bc000 Exception <a 'java/lang/ClassNotFoundException': build_c7yeo3lmvf4z2vwxchtr2iwo0$_run_closure1Customizer> (0x00000000e0410928) thrown at [D:\src\AOSP-openjdk-cygwin\jdk8u\hotspot\src\share\vm\classfile\systemDictionary.cpp, line 210]
Event: 58.200 Thread 0x00000000198bc000 Exception <a 'java/lang/ClassNotFoundException': org/gradle/api/internal/file/collections/DefaultConfigurableFileTreeBeanInfo> (0x00000000e0511098) thrown at [D:\src\AOSP-openjdk-cygwin\jdk8u\hotspot\src\share\vm\classfile\systemDictionary.cpp, line 210]
Event: 58.201 Thread 0x00000000198bc000 Exception <a 'java/lang/ClassNotFoundException': org/gradle/api/internal/file/CompositeFileTreeBeanInfo> (0x00000000e05440f8) thrown at [D:\src\AOSP-openjdk-cygwin\jdk8u\hotspot\src\share\vm\classfile\systemDictionary.cpp, line 210]
Event: 58.201 Thread 0x00000000198bc000 Exception <a 'java/lang/ClassNotFoundException': org/gradle/api/internal/file/CompositeFileCollectionBeanInfo> (0x00000000e057b390) thrown at [D:\src\AOSP-openjdk-cygwin\jdk8u\hotspot\src\share\vm\classfile\systemDictionary.cpp, line 210]
Event: 58.202 Thread 0x00000000198bc000 Exception <a 'java/lang/ClassNotFoundException': org/gradle/api/internal/file/AbstractFileCollectionBeanInfo> (0x00000000e05b2e38) thrown at [D:\src\AOSP-openjdk-cygwin\jdk8u\hotspot\src\share\vm\classfile\systemDictionary.cpp, line 210]
Event: 58.202 Thread 0x00000000198bc000 Exception <a 'java/lang/ClassNotFoundException': org/gradle/api/internal/file/AbstractFileCollectionCustomizer> (0x00000000e0612cd0) thrown at [D:\src\AOSP-openjdk-cygwin\jdk8u\hotspot\src\share\vm\classfile\systemDictionary.cpp, line 210]
Event: 58.203 Thread 0x00000000198bc000 Exception <a 'java/lang/ClassNotFoundException': org/gradle/api/internal/file/CompositeFileCollectionCustomizer> (0x00000000e065bf70) thrown at [D:\src\AOSP-openjdk-cygwin\jdk8u\hotspot\src\share\vm\classfile\systemDictionary.cpp, line 210]
Event: 58.205 Thread 0x00000000198bc000 Exception <a 'java/lang/ClassNotFoundException': org/gradle/api/internal/file/CompositeFileTreeCustomizer> (0x00000000e06a0f00) thrown at [D:\src\AOSP-openjdk-cygwin\jdk8u\hotspot\src\share\vm\classfile\systemDictionary.cpp, line 210]
Event: 58.206 Thread 0x00000000198bc000 Exception <a 'java/lang/ClassNotFoundException': org/gradle/api/internal/file/collections/DefaultConfigurableFileTreeCustomizer> (0x00000000e06eec48) thrown at [D:\src\AOSP-openjdk-cygwin\jdk8u\hotspot\src\share\vm\classfile\systemDictionary.cpp, line 210

Events (10 events):
Event: 58.303 loading class com/android/builder/sdk/SdkLoader
Event: 58.303 loading class com/android/builder/sdk/SdkLoader done
Event: 58.303 loading class com/android/repository/api/RepoPackage
Event: 58.303 loading class com/android/repository/api/RepoPackage done
Event: 58.319 loading class com/android/repository/Revision$PreviewComparison
Event: 58.319 loading class com/android/repository/Revision$PreviewComparison done
Event: 58.320 loading class com/android/repository/Revision$1
Event: 58.320 loading class com/android/repository/Revision$1 done
Event: 58.320 loading class com/android/sdklib/repository/AndroidSdkHandler
Event: 58.320 loading class com/android/sdklib/repository/AndroidSdkHandler done


Dynamic libraries:
0x00007ff754df0000 - 0x00007ff754e21000 	E:\android_studio\jre\bin\java.exe
0x00007fff466c0000 - 0x00007fff468a1000 	C:\WINDOWS\SYSTEM32\ntdll.dll
0x00007fff46440000 - 0x00007fff464f1000 	C:\WINDOWS\System32\KERNEL32.DLL
0x00007fff430c0000 - 0x00007fff43333000 	C:\WINDOWS\System32\KERNELBASE.dll
0x00007fff45740000 - 0x00007fff457e1000 	C:\WINDOWS\System32\ADVAPI32.dll
0x00007fff46060000 - 0x00007fff460fe000 	C:\WINDOWS\System32\msvcrt.dll
0x00007fff45f30000 - 0x00007fff45f8b000 	C:\WINDOWS\System32\sechost.dll
0x00007fff45ad0000 - 0x00007fff45bf4000 	C:\WINDOWS\System32\RPCRT4.dll
0x00007fff46500000 - 0x00007fff46690000 	C:\WINDOWS\System32\USER32.dll
0x00007fff42ce0000 - 0x00007fff42d00000 	C:\WINDOWS\System32\win32u.dll
0x00007fff46160000 - 0x00007fff46188000 	C:\WINDOWS\System32\GDI32.dll
0x00007fff42a90000 - 0x00007fff42c22000 	C:\WINDOWS\System32\gdi32full.dll
0x00007fff42d80000 - 0x00007fff42e1f000 	C:\WINDOWS\System32\msvcp_win.dll
0x00007fff43a50000 - 0x00007fff43b48000 	C:\WINDOWS\System32\ucrtbase.dll
0x00007fff29cf0000 - 0x00007fff29f59000 	C:\WINDOWS\WinSxS\amd64_microsoft.windows.common-controls_6595b64144ccf1df_6.0.17134.706_none_fb43a2cb30647007\COMCTL32.dll
0x00007fff45c00000 - 0x00007fff45f22000 	C:\WINDOWS\System32\combase.dll
0x00007fff42d00000 - 0x00007fff42d7a000 	C:\WINDOWS\System32\bcryptPrimitives.dll
0x00007fff45710000 - 0x00007fff4573d000 	C:\WINDOWS\System32\IMM32.DLL
0x0000000061bf0000 - 0x0000000061cc2000 	E:\android_studio\jre\jre\bin\msvcr100.dll
0x0000000063ea0000 - 0x00000000646e1000 	E:\android_studio\jre\jre\bin\server\jvm.dll
0x00007fff461a0000 - 0x00007fff461a8000 	C:\WINDOWS\System32\PSAPI.DLL
0x00007fff400c0000 - 0x00007fff400e3000 	C:\WINDOWS\SYSTEM32\WINMM.dll
0x00007fff357f0000 - 0x00007fff357f9000 	C:\WINDOWS\SYSTEM32\WSOCK32.dll
0x00007fff3ea50000 - 0x00007fff3ea5a000 	C:\WINDOWS\SYSTEM32\VERSION.dll
0x00007fff46350000 - 0x00007fff463bc000 	C:\WINDOWS\System32\WS2_32.dll
0x00007fff3fff0000 - 0x00007fff4001a000 	C:\WINDOWS\SYSTEM32\WINMMBASE.dll
0x00007fff42c30000 - 0x00007fff42c79000 	C:\WINDOWS\System32\cfgmgr32.dll
0x00007fff2a470000 - 0x00007fff2a47f000 	E:\android_studio\jre\jre\bin\verify.dll
0x00007fff15d30000 - 0x00007fff15d59000 	E:\android_studio\jre\jre\bin\java.dll
0x00007fff15d10000 - 0x00007fff15d26000 	E:\android_studio\jre\jre\bin\zip.dll
0x00007fff44150000 - 0x00007fff45590000 	C:\WINDOWS\System32\SHELL32.dll
0x00007fff45fb0000 - 0x00007fff46059000 	C:\WINDOWS\System32\shcore.dll
0x00007fff43340000 - 0x00007fff43a4d000 	C:\WINDOWS\System32\windows.storage.dll
0x00007fff43bb0000 - 0x00007fff43c01000 	C:\WINDOWS\System32\shlwapi.dll
0x00007fff42a50000 - 0x00007fff42a61000 	C:\WINDOWS\System32\kernel.appcore.dll
0x00007fff42a70000 - 0x00007fff42a8f000 	C:\WINDOWS\System32\profapi.dll
0x00007fff429d0000 - 0x00007fff42a1c000 	C:\WINDOWS\System32\powrprof.dll
0x00007fff42a40000 - 0x00007fff42a4a000 	C:\WINDOWS\System32\FLTLIB.DLL
0x00007fff15b70000 - 0x00007fff15b8a000 	E:\android_studio\jre\jre\bin\net.dll
0x00007fff42250000 - 0x00007fff422b6000 	C:\WINDOWS\system32\mswsock.dll
0x00007fff15b50000 - 0x00007fff15b61000 	E:\android_studio\jre\jre\bin\nio.dll
0x00007fff3f220000 - 0x00007fff3f23e000 	C:\Users\asdfg\.gradle\native\25\windows-amd64\native-platform.dll
0x00007fff15b40000 - 0x00007fff15b4d000 	E:\android_studio\jre\jre\bin\management.dll
0x00007fff42410000 - 0x00007fff42427000 	C:\WINDOWS\SYSTEM32\CRYPTSP.dll
0x00007fff41e30000 - 0x00007fff41e63000 	C:\WINDOWS\system32\rsaenh.dll
0x00007fff42530000 - 0x00007fff42555000 	C:\WINDOWS\SYSTEM32\bcrypt.dll
0x00007fff428d0000 - 0x00007fff428f8000 	C:\WINDOWS\SYSTEM32\USERENV.dll
0x00007fff42400000 - 0x00007fff4240b000 	C:\WINDOWS\SYSTEM32\CRYPTBASE.dll
0x00007fff41fd0000 - 0x00007fff42008000 	C:\WINDOWS\SYSTEM32\IPHLPAPI.DLL
0x00007fff457f0000 - 0x00007fff457f8000 	C:\WINDOWS\System32\NSI.dll
0x00007fff3b180000 - 0x00007fff3b196000 	C:\WINDOWS\SYSTEM32\dhcpcsvc6.DLL
0x00007fff3af90000 - 0x00007fff3afaa000 	C:\WINDOWS\SYSTEM32\dhcpcsvc.DLL

VM Arguments:
jvm_args: -Xmx1536m -Dfile.encoding=x-windows-950 -Duser.country=GB -Duser.language=en -Duser.variant 
java_command: org.gradle.launcher.daemon.bootstrap.GradleDaemon 4.10.1
java_class_path (initial): C:\Users\asdfg\.gradle\wrapper\dists\gradle-4.10.1-all\455itskqi2qtf0v2sja68alqd\gradle-4.10.1\lib\gradle-launcher-4.10.1.jar
Launcher Type: SUN_STANDARD

Environment Variables:
JAVA_HOME=C:\Program Files\Java\jdk-12
CLASSPATH=C:\Program Files\Java\jdk-12\lib
PATH=C:\Users\asdfg\gcc\bin;C:\Users\asdfg\gcc\libexec\gcc\i686-pc-mingw32\4.9.2;C:\Program Files (x86)\Intel\iCLS Client\;C:\Program Files\Intel\iCLS Client\;C:\Windows\system32;C:\Windows;C:\Windows\System32\Wbem;C:\Windows\System32\WindowsPowerShell\v1.0\;C:\Program Files (x86)\Intel\Intel(R) Management Engine Components\DAL;C:\Program Files\Intel\Intel(R) Management Engine Components\DAL;C:\Program Files (x86)\Intel\Intel(R) Management Engine Components\IPT;C:\Program Files\Intel\Intel(R) Management Engine Components\IPT;C:\Program Files (x86)\NVIDIA Corporation\PhysX\Common;C:\WINDOWS\system32;C:\WINDOWS;C:\WINDOWS\System32\Wbem;C:\WINDOWS\System32\WindowsPowerShell\v1.0\;C:\Program Files\dotnet\;E:\emac\PCMan\;C:\WINDOWS\System32\OpenSSH\;C:\Program Files\MiKTeX 2.9\miktex\bin\x64\;C:\Program Files\Java\jdk-12\bin;C:\MinGW\bin;C:\MinGW;C:\Users\asdfg\AppData\Local\Microsoft\WindowsApps;
USERNAME=asdfg
OS=Windows_NT
PROCESSOR_IDENTIFIER=Intel64 Family 6 Model 60 Stepping 3, GenuineIntel



---------------  S Y S T E M  ---------------

OS: Windows 10.0 , 64 bit Build 17134 (10.0.17134.706)

CPU:total 8 (initial active 8) (4 cores per cpu, 2 threads per core) family 6 model 60 stepping 3, cmov, cx8, fxsr, mmx, sse, sse2, sse3, ssse3, sse4.1, sse4.2, popcnt, avx, avx2, aes, clmul, erms, lzcnt, ht, tsc, tscinvbit, bmi1, bmi2

Memory: 4k page, physical 4132064k(374524k free), swap 7758256k(6148k free)

vm_info: OpenJDK 64-Bit Server VM (25.152-b01) for windows-amd64 JRE (1.8.0_152-release-1248-b01), built by "builder" with MS VC++ 10.0 (VS2010)

time: Sun Apr 21 16:38:13 2019
elapsed time: 58 seconds (0d 0h 0m 58s)

